<?xml version="1.0" encoding="UTF-8"?>
<!-- Generated by org.testng.reporters.JUnitReportReporter -->
<testsuite hostname="DESKTOP-7PT92FB" failures="0" tests="1" name="Utility.Reporting" time="0.668" errors="0" timestamp="2022-03-09T16:58:21 IST" skipped="0">
  <testcase classname="Utility.Reporting" name="check" time="0.668"/>
  <system-out/>
</testsuite> <!-- Utility.Reporting -->
